<?xml version="1.0" encoding="UTF-8"?>
<testsuite xmlns:xsi="http://www.w3.org/2001/XMLSchema-instance" xsi:noNamespaceSchemaLocation="https://maven.apache.org/surefire/maven-surefire-plugin/xsd/surefire-test-report.xsd" name="com.teamMaryo.wineCellar.WineCellarApplicationTests" time="2.982" tests="1" errors="0" skipped="0" failures="0">
  <properties>
    <property name="java.specification.version" value="17"/>
    <property name="sun.jnu.encoding" value="UTF-8"/>
    <property name="java.class.path" value="/Users/jgcardelus/Desktop/coding/team-maryo/wine-cellar/target/test-classes:/Users/jgcardelus/Desktop/coding/team-maryo/wine-cellar/target/classes:/Users/jgcardelus/.m2/repository/org/springframework/boot/spring-boot-starter-data-jdbc/3.0.0-M2/spring-boot-starter-data-jdbc-3.0.0-M2.jar:/Users/jgcardelus/.m2/repository/org/springframework/boot/spring-boot-starter-jdbc/3.0.0-M2/spring-boot-starter-jdbc-3.0.0-M2.jar:/Users/jgcardelus/.m2/repository/com/zaxxer/HikariCP/5.0.1/HikariCP-5.0.1.jar:/Users/jgcardelus/.m2/repository/org/springframework/spring-jdbc/6.0.0-M3/spring-jdbc-6.0.0-M3.jar:/Users/jgcardelus/.m2/repository/org/springframework/data/spring-data-jdbc/3.0.0-M3/spring-data-jdbc-3.0.0-M3.jar:/Users/jgcardelus/.m2/repository/org/springframework/data/spring-data-relational/3.0.0-M3/spring-data-relational-3.0.0-M3.jar:/Users/jgcardelus/.m2/repository/org/springframework/data/spring-data-commons/3.0.0-M3/spring-data-commons-3.0.0-M3.jar:/Users/jgcardelus/.m2/repository/org/springframework/spring-tx/6.0.0-M3/spring-tx-6.0.0-M3.jar:/Users/jgcardelus/.m2/repository/org/springframework/spring-context/6.0.0-M3/spring-context-6.0.0-M3.jar:/Users/jgcardelus/.m2/repository/org/springframework/spring-beans/6.0.0-M3/spring-beans-6.0.0-M3.jar:/Users/jgcardelus/.m2/repository/org/slf4j/slf4j-api/1.7.36/slf4j-api-1.7.36.jar:/Users/jgcardelus/.m2/repository/org/springframework/boot/spring-boot-starter-data-jpa/3.0.0-M2/spring-boot-starter-data-jpa-3.0.0-M2.jar:/Users/jgcardelus/.m2/repository/org/springframework/boot/spring-boot-starter-aop/3.0.0-M2/spring-boot-starter-aop-3.0.0-M2.jar:/Users/jgcardelus/.m2/repository/org/springframework/spring-aop/6.0.0-M3/spring-aop-6.0.0-M3.jar:/Users/jgcardelus/.m2/repository/org/aspectj/aspectjweaver/1.9.9/aspectjweaver-1.9.9.jar:/Users/jgcardelus/.m2/repository/org/hibernate/hibernate-core-jakarta/5.6.7.Final/hibernate-core-jakarta-5.6.7.Final.jar:/Users/jgcardelus/.m2/repository/org/jboss/logging/jboss-logging/3.4.3.Final/jboss-logging-3.4.3.Final.jar:/Users/jgcardelus/.m2/repository/jakarta/persistence/jakarta.persistence-api/3.0.0/jakarta.persistence-api-3.0.0.jar:/Users/jgcardelus/.m2/repository/net/bytebuddy/byte-buddy/1.12.8/byte-buddy-1.12.8.jar:/Users/jgcardelus/.m2/repository/antlr/antlr/2.7.7/antlr-2.7.7.jar:/Users/jgcardelus/.m2/repository/jakarta/transaction/jakarta.transaction-api/2.0.0/jakarta.transaction-api-2.0.0.jar:/Users/jgcardelus/.m2/repository/org/jboss/jandex/2.4.2.Final/jandex-2.4.2.Final.jar:/Users/jgcardelus/.m2/repository/com/fasterxml/classmate/1.5.1/classmate-1.5.1.jar:/Users/jgcardelus/.m2/repository/org/dom4j/dom4j/2.1.3/dom4j-2.1.3.jar:/Users/jgcardelus/.m2/repository/org/hibernate/common/hibernate-commons-annotations/5.1.2.Final/hibernate-commons-annotations-5.1.2.Final.jar:/Users/jgcardelus/.m2/repository/org/glassfish/jaxb/jaxb-runtime/3.0.2/jaxb-runtime-3.0.2.jar:/Users/jgcardelus/.m2/repository/org/glassfish/jaxb/jaxb-core/3.0.2/jaxb-core-3.0.2.jar:/Users/jgcardelus/.m2/repository/org/glassfish/jaxb/txw2/3.0.2/txw2-3.0.2.jar:/Users/jgcardelus/.m2/repository/com/sun/istack/istack-commons-runtime/4.0.1/istack-commons-runtime-4.0.1.jar:/Users/jgcardelus/.m2/repository/org/springframework/data/spring-data-jpa/3.0.0-M3/spring-data-jpa-3.0.0-M3.jar:/Users/jgcardelus/.m2/repository/org/springframework/spring-orm/6.0.0-M3/spring-orm-6.0.0-M3.jar:/Users/jgcardelus/.m2/repository/jakarta/annotation/jakarta.annotation-api/2.0.0/jakarta.annotation-api-2.0.0.jar:/Users/jgcardelus/.m2/repository/org/springframework/spring-aspects/6.0.0-M3/spring-aspects-6.0.0-M3.jar:/Users/jgcardelus/.m2/repository/org/springframework/boot/spring-boot-starter-thymeleaf/3.0.0-M2/spring-boot-starter-thymeleaf-3.0.0-M2.jar:/Users/jgcardelus/.m2/repository/org/springframework/boot/spring-boot-starter/3.0.0-M2/spring-boot-starter-3.0.0-M2.jar:/Users/jgcardelus/.m2/repository/org/springframework/boot/spring-boot/3.0.0-M2/spring-boot-3.0.0-M2.jar:/Users/jgcardelus/.m2/repository/org/springframework/boot/spring-boot-autoconfigure/3.0.0-M2/spring-boot-autoconfigure-3.0.0-M2.jar:/Users/jgcardelus/.m2/repository/org/springframework/boot/spring-boot-starter-logging/3.0.0-M2/spring-boot-starter-logging-3.0.0-M2.jar:/Users/jgcardelus/.m2/repository/ch/qos/logback/logback-classic/1.2.11/logback-classic-1.2.11.jar:/Users/jgcardelus/.m2/repository/ch/qos/logback/logback-core/1.2.11/logback-core-1.2.11.jar:/Users/jgcardelus/.m2/repository/org/apache/logging/log4j/log4j-to-slf4j/2.17.2/log4j-to-slf4j-2.17.2.jar:/Users/jgcardelus/.m2/repository/org/apache/logging/log4j/log4j-api/2.17.2/log4j-api-2.17.2.jar:/Users/jgcardelus/.m2/repository/org/slf4j/jul-to-slf4j/1.7.36/jul-to-slf4j-1.7.36.jar:/Users/jgcardelus/.m2/repository/org/yaml/snakeyaml/1.30/snakeyaml-1.30.jar:/Users/jgcardelus/.m2/repository/org/thymeleaf/thymeleaf-spring6/3.1.0.M1/thymeleaf-spring6-3.1.0.M1.jar:/Users/jgcardelus/.m2/repository/org/thymeleaf/thymeleaf/3.1.0.M1/thymeleaf-3.1.0.M1.jar:/Users/jgcardelus/.m2/repository/org/attoparser/attoparser/2.0.5.RELEASE/attoparser-2.0.5.RELEASE.jar:/Users/jgcardelus/.m2/repository/org/unbescape/unbescape/1.1.6.RELEASE/unbescape-1.1.6.RELEASE.jar:/Users/jgcardelus/.m2/repository/org/thymeleaf/extras/thymeleaf-extras-java8time/3.0.4.RELEASE/thymeleaf-extras-java8time-3.0.4.RELEASE.jar:/Users/jgcardelus/.m2/repository/org/springframework/boot/spring-boot-starter-validation/3.0.0-M2/spring-boot-starter-validation-3.0.0-M2.jar:/Users/jgcardelus/.m2/repository/org/apache/tomcat/embed/tomcat-embed-el/10.0.18/tomcat-embed-el-10.0.18.jar:/Users/jgcardelus/.m2/repository/org/hibernate/validator/hibernate-validator/7.0.4.Final/hibernate-validator-7.0.4.Final.jar:/Users/jgcardelus/.m2/repository/jakarta/validation/jakarta.validation-api/3.0.1/jakarta.validation-api-3.0.1.jar:/Users/jgcardelus/.m2/repository/org/springframework/boot/spring-boot-starter-web/3.0.0-M2/spring-boot-starter-web-3.0.0-M2.jar:/Users/jgcardelus/.m2/repository/org/springframework/boot/spring-boot-starter-json/3.0.0-M2/spring-boot-starter-json-3.0.0-M2.jar:/Users/jgcardelus/.m2/repository/com/fasterxml/jackson/core/jackson-databind/2.13.2/jackson-databind-2.13.2.jar:/Users/jgcardelus/.m2/repository/com/fasterxml/jackson/core/jackson-annotations/2.13.2/jackson-annotations-2.13.2.jar:/Users/jgcardelus/.m2/repository/com/fasterxml/jackson/core/jackson-core/2.13.2/jackson-core-2.13.2.jar:/Users/jgcardelus/.m2/repository/com/fasterxml/jackson/datatype/jackson-datatype-jdk8/2.13.2/jackson-datatype-jdk8-2.13.2.jar:/Users/jgcardelus/.m2/repository/com/fasterxml/jackson/datatype/jackson-datatype-jsr310/2.13.2/jackson-datatype-jsr310-2.13.2.jar:/Users/jgcardelus/.m2/repository/com/fasterxml/jackson/module/jackson-module-parameter-names/2.13.2/jackson-module-parameter-names-2.13.2.jar:/Users/jgcardelus/.m2/repository/org/springframework/boot/spring-boot-starter-tomcat/3.0.0-M2/spring-boot-starter-tomcat-3.0.0-M2.jar:/Users/jgcardelus/.m2/repository/org/apache/tomcat/embed/tomcat-embed-core/10.0.18/tomcat-embed-core-10.0.18.jar:/Users/jgcardelus/.m2/repository/org/apache/tomcat/embed/tomcat-embed-websocket/10.0.18/tomcat-embed-websocket-10.0.18.jar:/Users/jgcardelus/.m2/repository/org/springframework/spring-web/6.0.0-M3/spring-web-6.0.0-M3.jar:/Users/jgcardelus/.m2/repository/org/springframework/spring-webmvc/6.0.0-M3/spring-webmvc-6.0.0-M3.jar:/Users/jgcardelus/.m2/repository/org/springframework/spring-expression/6.0.0-M3/spring-expression-6.0.0-M3.jar:/Users/jgcardelus/.m2/repository/com/h2database/h2/2.1.210/h2-2.1.210.jar:/Users/jgcardelus/.m2/repository/org/projectlombok/lombok/1.18.22/lombok-1.18.22.jar:/Users/jgcardelus/.m2/repository/org/springframework/boot/spring-boot-starter-test/3.0.0-M2/spring-boot-starter-test-3.0.0-M2.jar:/Users/jgcardelus/.m2/repository/org/springframework/boot/spring-boot-test/3.0.0-M2/spring-boot-test-3.0.0-M2.jar:/Users/jgcardelus/.m2/repository/org/springframework/boot/spring-boot-test-autoconfigure/3.0.0-M2/spring-boot-test-autoconfigure-3.0.0-M2.jar:/Users/jgcardelus/.m2/repository/com/jayway/jsonpath/json-path/2.7.0/json-path-2.7.0.jar:/Users/jgcardelus/.m2/repository/net/minidev/json-smart/2.4.8/json-smart-2.4.8.jar:/Users/jgcardelus/.m2/repository/net/minidev/accessors-smart/2.4.8/accessors-smart-2.4.8.jar:/Users/jgcardelus/.m2/repository/org/ow2/asm/asm/9.1/asm-9.1.jar:/Users/jgcardelus/.m2/repository/jakarta/xml/bind/jakarta.xml.bind-api/3.0.1/jakarta.xml.bind-api-3.0.1.jar:/Users/jgcardelus/.m2/repository/com/sun/activation/jakarta.activation/2.0.1/jakarta.activation-2.0.1.jar:/Users/jgcardelus/.m2/repository/org/assertj/assertj-core/3.22.0/assertj-core-3.22.0.jar:/Users/jgcardelus/.m2/repository/org/hamcrest/hamcrest/2.2/hamcrest-2.2.jar:/Users/jgcardelus/.m2/repository/org/junit/jupiter/junit-jupiter/5.8.2/junit-jupiter-5.8.2.jar:/Users/jgcardelus/.m2/repository/org/junit/jupiter/junit-jupiter-api/5.8.2/junit-jupiter-api-5.8.2.jar:/Users/jgcardelus/.m2/repository/org/opentest4j/opentest4j/1.2.0/opentest4j-1.2.0.jar:/Users/jgcardelus/.m2/repository/org/junit/platform/junit-platform-commons/1.8.2/junit-platform-commons-1.8.2.jar:/Users/jgcardelus/.m2/repository/org/apiguardian/apiguardian-api/1.1.2/apiguardian-api-1.1.2.jar:/Users/jgcardelus/.m2/repository/org/junit/jupiter/junit-jupiter-params/5.8.2/junit-jupiter-params-5.8.2.jar:/Users/jgcardelus/.m2/repository/org/junit/jupiter/junit-jupiter-engine/5.8.2/junit-jupiter-engine-5.8.2.jar:/Users/jgcardelus/.m2/repository/org/junit/platform/junit-platform-engine/1.8.2/junit-platform-engine-1.8.2.jar:/Users/jgcardelus/.m2/repository/org/mockito/mockito-core/4.4.0/mockito-core-4.4.0.jar:/Users/jgcardelus/.m2/repository/net/bytebuddy/byte-buddy-agent/1.12.8/byte-buddy-agent-1.12.8.jar:/Users/jgcardelus/.m2/repository/org/objenesis/objenesis/3.2/objenesis-3.2.jar:/Users/jgcardelus/.m2/repository/org/mockito/mockito-junit-jupiter/4.4.0/mockito-junit-jupiter-4.4.0.jar:/Users/jgcardelus/.m2/repository/org/skyscreamer/jsonassert/1.5.0/jsonassert-1.5.0.jar:/Users/jgcardelus/.m2/repository/com/vaadin/external/google/android-json/0.0.20131108.vaadin1/android-json-0.0.20131108.vaadin1.jar:/Users/jgcardelus/.m2/repository/org/springframework/spring-core/6.0.0-M3/spring-core-6.0.0-M3.jar:/Users/jgcardelus/.m2/repository/org/springframework/spring-jcl/6.0.0-M3/spring-jcl-6.0.0-M3.jar:/Users/jgcardelus/.m2/repository/org/springframework/spring-test/6.0.0-M3/spring-test-6.0.0-M3.jar:/Users/jgcardelus/.m2/repository/org/xmlunit/xmlunit-core/2.9.0/xmlunit-core-2.9.0.jar:"/>
    <property name="java.vm.vendor" value="Oracle Corporation"/>
    <property name="sun.arch.data.model" value="64"/>
    <property name="java.vendor.url" value="https://java.oracle.com/"/>
    <property name="os.name" value="Mac OS X"/>
    <property name="java.vm.specification.version" value="17"/>
    <property name="sun.java.launcher" value="SUN_STANDARD"/>
    <property name="user.country" value="ES"/>
    <property name="sun.boot.library.path" value="/Users/jgcardelus/.sdkman/candidates/java/17.0.1-oracle/lib"/>
    <property name="sun.java.command" value="/Users/jgcardelus/Desktop/coding/team-maryo/wine-cellar/target/surefire/surefirebooter2640253445472319042.jar /Users/jgcardelus/Desktop/coding/team-maryo/wine-cellar/target/surefire 2022-04-17T19-36-52_484-jvmRun1 surefire1768622072857561873tmp surefire_010490240365883808005tmp"/>
    <property name="http.nonProxyHosts" value="local|*.local|169.254/16|*.169.254/16"/>
    <property name="jdk.debug" value="release"/>
    <property name="surefire.test.class.path" value="/Users/jgcardelus/Desktop/coding/team-maryo/wine-cellar/target/test-classes:/Users/jgcardelus/Desktop/coding/team-maryo/wine-cellar/target/classes:/Users/jgcardelus/.m2/repository/org/springframework/boot/spring-boot-starter-data-jdbc/3.0.0-M2/spring-boot-starter-data-jdbc-3.0.0-M2.jar:/Users/jgcardelus/.m2/repository/org/springframework/boot/spring-boot-starter-jdbc/3.0.0-M2/spring-boot-starter-jdbc-3.0.0-M2.jar:/Users/jgcardelus/.m2/repository/com/zaxxer/HikariCP/5.0.1/HikariCP-5.0.1.jar:/Users/jgcardelus/.m2/repository/org/springframework/spring-jdbc/6.0.0-M3/spring-jdbc-6.0.0-M3.jar:/Users/jgcardelus/.m2/repository/org/springframework/data/spring-data-jdbc/3.0.0-M3/spring-data-jdbc-3.0.0-M3.jar:/Users/jgcardelus/.m2/repository/org/springframework/data/spring-data-relational/3.0.0-M3/spring-data-relational-3.0.0-M3.jar:/Users/jgcardelus/.m2/repository/org/springframework/data/spring-data-commons/3.0.0-M3/spring-data-commons-3.0.0-M3.jar:/Users/jgcardelus/.m2/repository/org/springframework/spring-tx/6.0.0-M3/spring-tx-6.0.0-M3.jar:/Users/jgcardelus/.m2/repository/org/springframework/spring-context/6.0.0-M3/spring-context-6.0.0-M3.jar:/Users/jgcardelus/.m2/repository/org/springframework/spring-beans/6.0.0-M3/spring-beans-6.0.0-M3.jar:/Users/jgcardelus/.m2/repository/org/slf4j/slf4j-api/1.7.36/slf4j-api-1.7.36.jar:/Users/jgcardelus/.m2/repository/org/springframework/boot/spring-boot-starter-data-jpa/3.0.0-M2/spring-boot-starter-data-jpa-3.0.0-M2.jar:/Users/jgcardelus/.m2/repository/org/springframework/boot/spring-boot-starter-aop/3.0.0-M2/spring-boot-starter-aop-3.0.0-M2.jar:/Users/jgcardelus/.m2/repository/org/springframework/spring-aop/6.0.0-M3/spring-aop-6.0.0-M3.jar:/Users/jgcardelus/.m2/repository/org/aspectj/aspectjweaver/1.9.9/aspectjweaver-1.9.9.jar:/Users/jgcardelus/.m2/repository/org/hibernate/hibernate-core-jakarta/5.6.7.Final/hibernate-core-jakarta-5.6.7.Final.jar:/Users/jgcardelus/.m2/repository/org/jboss/logging/jboss-logging/3.4.3.Final/jboss-logging-3.4.3.Final.jar:/Users/jgcardelus/.m2/repository/jakarta/persistence/jakarta.persistence-api/3.0.0/jakarta.persistence-api-3.0.0.jar:/Users/jgcardelus/.m2/repository/net/bytebuddy/byte-buddy/1.12.8/byte-buddy-1.12.8.jar:/Users/jgcardelus/.m2/repository/antlr/antlr/2.7.7/antlr-2.7.7.jar:/Users/jgcardelus/.m2/repository/jakarta/transaction/jakarta.transaction-api/2.0.0/jakarta.transaction-api-2.0.0.jar:/Users/jgcardelus/.m2/repository/org/jboss/jandex/2.4.2.Final/jandex-2.4.2.Final.jar:/Users/jgcardelus/.m2/repository/com/fasterxml/classmate/1.5.1/classmate-1.5.1.jar:/Users/jgcardelus/.m2/repository/org/dom4j/dom4j/2.1.3/dom4j-2.1.3.jar:/Users/jgcardelus/.m2/repository/org/hibernate/common/hibernate-commons-annotations/5.1.2.Final/hibernate-commons-annotations-5.1.2.Final.jar:/Users/jgcardelus/.m2/repository/org/glassfish/jaxb/jaxb-runtime/3.0.2/jaxb-runtime-3.0.2.jar:/Users/jgcardelus/.m2/repository/org/glassfish/jaxb/jaxb-core/3.0.2/jaxb-core-3.0.2.jar:/Users/jgcardelus/.m2/repository/org/glassfish/jaxb/txw2/3.0.2/txw2-3.0.2.jar:/Users/jgcardelus/.m2/repository/com/sun/istack/istack-commons-runtime/4.0.1/istack-commons-runtime-4.0.1.jar:/Users/jgcardelus/.m2/repository/org/springframework/data/spring-data-jpa/3.0.0-M3/spring-data-jpa-3.0.0-M3.jar:/Users/jgcardelus/.m2/repository/org/springframework/spring-orm/6.0.0-M3/spring-orm-6.0.0-M3.jar:/Users/jgcardelus/.m2/repository/jakarta/annotation/jakarta.annotation-api/2.0.0/jakarta.annotation-api-2.0.0.jar:/Users/jgcardelus/.m2/repository/org/springframework/spring-aspects/6.0.0-M3/spring-aspects-6.0.0-M3.jar:/Users/jgcardelus/.m2/repository/org/springframework/boot/spring-boot-starter-thymeleaf/3.0.0-M2/spring-boot-starter-thymeleaf-3.0.0-M2.jar:/Users/jgcardelus/.m2/repository/org/springframework/boot/spring-boot-starter/3.0.0-M2/spring-boot-starter-3.0.0-M2.jar:/Users/jgcardelus/.m2/repository/org/springframework/boot/spring-boot/3.0.0-M2/spring-boot-3.0.0-M2.jar:/Users/jgcardelus/.m2/repository/org/springframework/boot/spring-boot-autoconfigure/3.0.0-M2/spring-boot-autoconfigure-3.0.0-M2.jar:/Users/jgcardelus/.m2/repository/org/springframework/boot/spring-boot-starter-logging/3.0.0-M2/spring-boot-starter-logging-3.0.0-M2.jar:/Users/jgcardelus/.m2/repository/ch/qos/logback/logback-classic/1.2.11/logback-classic-1.2.11.jar:/Users/jgcardelus/.m2/repository/ch/qos/logback/logback-core/1.2.11/logback-core-1.2.11.jar:/Users/jgcardelus/.m2/repository/org/apache/logging/log4j/log4j-to-slf4j/2.17.2/log4j-to-slf4j-2.17.2.jar:/Users/jgcardelus/.m2/repository/org/apache/logging/log4j/log4j-api/2.17.2/log4j-api-2.17.2.jar:/Users/jgcardelus/.m2/repository/org/slf4j/jul-to-slf4j/1.7.36/jul-to-slf4j-1.7.36.jar:/Users/jgcardelus/.m2/repository/org/yaml/snakeyaml/1.30/snakeyaml-1.30.jar:/Users/jgcardelus/.m2/repository/org/thymeleaf/thymeleaf-spring6/3.1.0.M1/thymeleaf-spring6-3.1.0.M1.jar:/Users/jgcardelus/.m2/repository/org/thymeleaf/thymeleaf/3.1.0.M1/thymeleaf-3.1.0.M1.jar:/Users/jgcardelus/.m2/repository/org/attoparser/attoparser/2.0.5.RELEASE/attoparser-2.0.5.RELEASE.jar:/Users/jgcardelus/.m2/repository/org/unbescape/unbescape/1.1.6.RELEASE/unbescape-1.1.6.RELEASE.jar:/Users/jgcardelus/.m2/repository/org/thymeleaf/extras/thymeleaf-extras-java8time/3.0.4.RELEASE/thymeleaf-extras-java8time-3.0.4.RELEASE.jar:/Users/jgcardelus/.m2/repository/org/springframework/boot/spring-boot-starter-validation/3.0.0-M2/spring-boot-starter-validation-3.0.0-M2.jar:/Users/jgcardelus/.m2/repository/org/apache/tomcat/embed/tomcat-embed-el/10.0.18/tomcat-embed-el-10.0.18.jar:/Users/jgcardelus/.m2/repository/org/hibernate/validator/hibernate-validator/7.0.4.Final/hibernate-validator-7.0.4.Final.jar:/Users/jgcardelus/.m2/repository/jakarta/validation/jakarta.validation-api/3.0.1/jakarta.validation-api-3.0.1.jar:/Users/jgcardelus/.m2/repository/org/springframework/boot/spring-boot-starter-web/3.0.0-M2/spring-boot-starter-web-3.0.0-M2.jar:/Users/jgcardelus/.m2/repository/org/springframework/boot/spring-boot-starter-json/3.0.0-M2/spring-boot-starter-json-3.0.0-M2.jar:/Users/jgcardelus/.m2/repository/com/fasterxml/jackson/core/jackson-databind/2.13.2/jackson-databind-2.13.2.jar:/Users/jgcardelus/.m2/repository/com/fasterxml/jackson/core/jackson-annotations/2.13.2/jackson-annotations-2.13.2.jar:/Users/jgcardelus/.m2/repository/com/fasterxml/jackson/core/jackson-core/2.13.2/jackson-core-2.13.2.jar:/Users/jgcardelus/.m2/repository/com/fasterxml/jackson/datatype/jackson-datatype-jdk8/2.13.2/jackson-datatype-jdk8-2.13.2.jar:/Users/jgcardelus/.m2/repository/com/fasterxml/jackson/datatype/jackson-datatype-jsr310/2.13.2/jackson-datatype-jsr310-2.13.2.jar:/Users/jgcardelus/.m2/repository/com/fasterxml/jackson/module/jackson-module-parameter-names/2.13.2/jackson-module-parameter-names-2.13.2.jar:/Users/jgcardelus/.m2/repository/org/springframework/boot/spring-boot-starter-tomcat/3.0.0-M2/spring-boot-starter-tomcat-3.0.0-M2.jar:/Users/jgcardelus/.m2/repository/org/apache/tomcat/embed/tomcat-embed-core/10.0.18/tomcat-embed-core-10.0.18.jar:/Users/jgcardelus/.m2/repository/org/apache/tomcat/embed/tomcat-embed-websocket/10.0.18/tomcat-embed-websocket-10.0.18.jar:/Users/jgcardelus/.m2/repository/org/springframework/spring-web/6.0.0-M3/spring-web-6.0.0-M3.jar:/Users/jgcardelus/.m2/repository/org/springframework/spring-webmvc/6.0.0-M3/spring-webmvc-6.0.0-M3.jar:/Users/jgcardelus/.m2/repository/org/springframework/spring-expression/6.0.0-M3/spring-expression-6.0.0-M3.jar:/Users/jgcardelus/.m2/repository/com/h2database/h2/2.1.210/h2-2.1.210.jar:/Users/jgcardelus/.m2/repository/org/projectlombok/lombok/1.18.22/lombok-1.18.22.jar:/Users/jgcardelus/.m2/repository/org/springframework/boot/spring-boot-starter-test/3.0.0-M2/spring-boot-starter-test-3.0.0-M2.jar:/Users/jgcardelus/.m2/repository/org/springframework/boot/spring-boot-test/3.0.0-M2/spring-boot-test-3.0.0-M2.jar:/Users/jgcardelus/.m2/repository/org/springframework/boot/spring-boot-test-autoconfigure/3.0.0-M2/spring-boot-test-autoconfigure-3.0.0-M2.jar:/Users/jgcardelus/.m2/repository/com/jayway/jsonpath/json-path/2.7.0/json-path-2.7.0.jar:/Users/jgcardelus/.m2/repository/net/minidev/json-smart/2.4.8/json-smart-2.4.8.jar:/Users/jgcardelus/.m2/repository/net/minidev/accessors-smart/2.4.8/accessors-smart-2.4.8.jar:/Users/jgcardelus/.m2/repository/org/ow2/asm/asm/9.1/asm-9.1.jar:/Users/jgcardelus/.m2/repository/jakarta/xml/bind/jakarta.xml.bind-api/3.0.1/jakarta.xml.bind-api-3.0.1.jar:/Users/jgcardelus/.m2/repository/com/sun/activation/jakarta.activation/2.0.1/jakarta.activation-2.0.1.jar:/Users/jgcardelus/.m2/repository/org/assertj/assertj-core/3.22.0/assertj-core-3.22.0.jar:/Users/jgcardelus/.m2/repository/org/hamcrest/hamcrest/2.2/hamcrest-2.2.jar:/Users/jgcardelus/.m2/repository/org/junit/jupiter/junit-jupiter/5.8.2/junit-jupiter-5.8.2.jar:/Users/jgcardelus/.m2/repository/org/junit/jupiter/junit-jupiter-api/5.8.2/junit-jupiter-api-5.8.2.jar:/Users/jgcardelus/.m2/repository/org/opentest4j/opentest4j/1.2.0/opentest4j-1.2.0.jar:/Users/jgcardelus/.m2/repository/org/junit/platform/junit-platform-commons/1.8.2/junit-platform-commons-1.8.2.jar:/Users/jgcardelus/.m2/repository/org/apiguardian/apiguardian-api/1.1.2/apiguardian-api-1.1.2.jar:/Users/jgcardelus/.m2/repository/org/junit/jupiter/junit-jupiter-params/5.8.2/junit-jupiter-params-5.8.2.jar:/Users/jgcardelus/.m2/repository/org/junit/jupiter/junit-jupiter-engine/5.8.2/junit-jupiter-engine-5.8.2.jar:/Users/jgcardelus/.m2/repository/org/junit/platform/junit-platform-engine/1.8.2/junit-platform-engine-1.8.2.jar:/Users/jgcardelus/.m2/repository/org/mockito/mockito-core/4.4.0/mockito-core-4.4.0.jar:/Users/jgcardelus/.m2/repository/net/bytebuddy/byte-buddy-agent/1.12.8/byte-buddy-agent-1.12.8.jar:/Users/jgcardelus/.m2/repository/org/objenesis/objenesis/3.2/objenesis-3.2.jar:/Users/jgcardelus/.m2/repository/org/mockito/mockito-junit-jupiter/4.4.0/mockito-junit-jupiter-4.4.0.jar:/Users/jgcardelus/.m2/repository/org/skyscreamer/jsonassert/1.5.0/jsonassert-1.5.0.jar:/Users/jgcardelus/.m2/repository/com/vaadin/external/google/android-json/0.0.20131108.vaadin1/android-json-0.0.20131108.vaadin1.jar:/Users/jgcardelus/.m2/repository/org/springframework/spring-core/6.0.0-M3/spring-core-6.0.0-M3.jar:/Users/jgcardelus/.m2/repository/org/springframework/spring-jcl/6.0.0-M3/spring-jcl-6.0.0-M3.jar:/Users/jgcardelus/.m2/repository/org/springframework/spring-test/6.0.0-M3/spring-test-6.0.0-M3.jar:/Users/jgcardelus/.m2/repository/org/xmlunit/xmlunit-core/2.9.0/xmlunit-core-2.9.0.jar:"/>
    <property name="sun.cpu.endian" value="little"/>
    <property name="user.home" value="/Users/jgcardelus"/>
    <property name="user.language" value="es"/>
    <property name="java.specification.vendor" value="Oracle Corporation"/>
    <property name="java.version.date" value="2021-10-19"/>
    <property name="java.home" value="/Users/jgcardelus/.sdkman/candidates/java/17.0.1-oracle"/>
    <property name="file.separator" value="/"/>
    <property name="basedir" value="/Users/jgcardelus/Desktop/coding/team-maryo/wine-cellar"/>
    <property name="java.vm.compressedOopsMode" value="Zero based"/>
    <property name="line.separator" value="&#10;"/>
    <property name="java.specification.name" value="Java Platform API Specification"/>
    <property name="java.vm.specification.vendor" value="Oracle Corporation"/>
    <property name="surefire.real.class.path" value="/Users/jgcardelus/Desktop/coding/team-maryo/wine-cellar/target/surefire/surefirebooter2640253445472319042.jar"/>
    <property name="sun.management.compiler" value="HotSpot 64-Bit Tiered Compilers"/>
    <property name="ftp.nonProxyHosts" value="local|*.local|169.254/16|*.169.254/16"/>
    <property name="java.runtime.version" value="17.0.1+12-LTS-39"/>
    <property name="user.name" value="jgcardelus"/>
    <property name="path.separator" value=":"/>
    <property name="os.version" value="12.3.1"/>
    <property name="java.runtime.name" value="Java(TM) SE Runtime Environment"/>
    <property name="file.encoding" value="UTF-8"/>
    <property name="java.vm.name" value="Java HotSpot(TM) 64-Bit Server VM"/>
    <property name="localRepository" value="/Users/jgcardelus/.m2/repository"/>
    <property name="java.vendor.url.bug" value="https://bugreport.java.com/bugreport/"/>
    <property name="java.io.tmpdir" value="/var/folders/1g/0fy0z_9974n483326v2gtx0m0000gn/T/"/>
    <property name="java.version" value="17.0.1"/>
    <property name="user.dir" value="/Users/jgcardelus/Desktop/coding/team-maryo/wine-cellar"/>
    <property name="os.arch" value="aarch64"/>
    <property name="java.vm.specification.name" value="Java Virtual Machine Specification"/>
    <property name="native.encoding" value="UTF-8"/>
    <property name="java.library.path" value="/Users/jgcardelus/Library/Java/Extensions:/Library/Java/Extensions:/Network/Library/Java/Extensions:/System/Library/Java/Extensions:/usr/lib/java:."/>
    <property name="java.vm.info" value="mixed mode, sharing"/>
    <property name="java.vendor" value="Oracle Corporation"/>
    <property name="java.vm.version" value="17.0.1+12-LTS-39"/>
    <property name="sun.io.unicode.encoding" value="UnicodeBig"/>
    <property name="socksNonProxyHosts" value="local|*.local|169.254/16|*.169.254/16"/>
    <property name="java.class.version" value="61.0"/>
  </properties>
  <testcase name="contextLoads" classname="com.teamMaryo.wineCellar.WineCellarApplicationTests" time="0.103"/>
</testsuite>